<?xml version="1.0" encoding="UTF-8"?>
<coverage generated="1723898582299" clover="3.2.0">
  <project timestamp="1723898582299" name="All files">
    <metrics statements="9" coveredstatements="6" conditionals="3" coveredconditionals="2" methods="2" coveredmethods="1" elements="14" coveredelements="9" complexity="0" loc="9" ncloc="9" packages="2" files="2" classes="2"/>
    <package name="Button">
      <metrics statements="6" coveredstatements="6" conditionals="3" coveredconditionals="2" methods="1" coveredmethods="1"/>
      <file name="index.tsx" path="C:\Users\humph\Desktop\qihang-ui\src\Button\index.tsx">
        <metrics statements="6" coveredstatements="6" conditionals="3" coveredconditionals="2" methods="1" coveredmethods="1"/>
        <line num="1" count="1" type="stmt"/>
        <line num="2" count="1" type="stmt"/>
        <line num="12" count="1" type="stmt"/>
        <line num="13" count="4" type="cond" truecount="1" falsecount="0"/>
        <line num="14" count="4" type="stmt"/>
        <line num="25" count="1" type="stmt"/>
      </file>
    </package>
    <package name="Foo">
      <metrics statements="3" coveredstatements="0" conditionals="0" coveredconditionals="0" methods="1" coveredmethods="0"/>
      <file name="index.tsx" path="C:\Users\humph\Desktop\qihang-ui\src\Foo\index.tsx">
        <metrics statements="3" coveredstatements="0" conditionals="0" coveredconditionals="0" methods="1" coveredmethods="0"/>
        <line num="1" count="0" type="stmt"/>
        <line num="3" count="0" type="stmt"/>
        <line num="5" count="0" type="stmt"/>
      </file>
    </package>
  </project>
</coverage>
