{"C:\\Users\\humph\\Desktop\\qihang-ui\\src\\Button\\index.tsx": {"path":"C:\\Users\\humph\\Desktop\\qihang-ui\\src\\Button\\index.tsx","statementMap":{"0":{"start":{"line":1,"column":0},"end":{"line":1,"column":36}},"1":{"start":{"line":2,"column":0},"end":{"line":2,"column":28}},"2":{"start":{"line":12,"column":38},"end":{"line":23,"column":1}},"3":{"start":{"line":13,"column":50},"end":{"line":13,"column":55}},"4":{"start":{"line":14,"column":2},"end":{"line":22,"column":4}},"5":{"start":{"line":25,"column":0},"end":{"line":25,"column":28}}},"fnMap":{"0":{"name":"(anonymous_6)","decl":{"start":{"line":12,"column":38},"end":{"line":12,"column":39}},"loc":{"start":{"line":12,"column":48},"end":{"line":23,"column":1}}}},"branchMap":{"0":{"loc":{"start":{"line":13,"column":10},"end":{"line":13,"column":26}},"type":"default-arg","locations":[{"start":{"line":13,"column":17},"end":{"line":13,"column":26}}]},"1":{"loc":{"start":{"line":17,"column":29},"end":{"line":17,"column":59}},"type":"cond-expr","locations":[{"start":{"line":17,"column":36},"end":{"line":17,"column":54}},{"start":{"line":17,"column":57},"end":{"line":17,"column":59}}]}},"s":{"0":1,"1":1,"2":1,"3":4,"4":4,"5":1},"f":{"0":4},"b":{"0":[2],"1":[4,0]}}
,"C:\\Users\\humph\\Desktop\\qihang-ui\\src\\Foo\\index.tsx": {"path":"C:\\Users\\humph\\Desktop\\qihang-ui\\src\\Foo\\index.tsx","statementMap":{"0":{"start":{"line":1,"column":0},"end":{"line":1,"column":39}},"1":{"start":{"line":3,"column":35},"end":{"line":3,"column":68}},"2":{"start":{"line":3,"column":46},"end":{"line":3,"column":68}},"3":{"start":{"line":5,"column":0},"end":{"line":5,"column":19}}},"fnMap":{"0":{"name":"(anonymous_1)","decl":{"start":{"line":3,"column":35},"end":{"line":3,"column":36}},"loc":{"start":{"line":3,"column":46},"end":{"line":3,"column":68}}}},"branchMap":{},"s":{"0":0,"1":0,"2":0,"3":0},"f":{"0":0},"b":{}}
}
