{"C:\\Users\\humph\\Desktop\\qihang-ui\\src\\Button\\index.tsx": {"path":"C:\\Users\\humph\\Desktop\\qihang-ui\\src\\Button\\index.tsx","statementMap":{"0":{"start":{"line":1,"column":0},"end":{"line":1,"column":36}},"1":{"start":{"line":2,"column":0},"end":{"line":2,"column":29}},"2":{"start":{"line":24,"column":38},"end":{"line":49,"column":2}},"3":{"start":{"line":34,"column":6},"end":{"line":34,"column":11}},"4":{"start":{"line":36,"column":19},"end":{"line":36,"column":109}},"5":{"start":{"line":38,"column":2},"end":{"line":48,"column":4}},"6":{"start":{"line":51,"column":0},"end":{"line":51,"column":22}}},"fnMap":{"0":{"name":"(anonymous_6)","decl":{"start":{"line":24,"column":43},"end":{"line":24,"column":44}},"loc":{"start":{"line":24,"column":53},"end":{"line":49,"column":1}}}},"branchMap":{"0":{"loc":{"start":{"line":26,"column":4},"end":{"line":26,"column":20}},"type":"default-arg","locations":[{"start":{"line":26,"column":11},"end":{"line":26,"column":20}}]},"1":{"loc":{"start":{"line":27,"column":4},"end":{"line":27,"column":19}},"type":"default-arg","locations":[{"start":{"line":27,"column":11},"end":{"line":27,"column":19}}]},"2":{"loc":{"start":{"line":28,"column":4},"end":{"line":28,"column":20}},"type":"default-arg","locations":[{"start":{"line":28,"column":15},"end":{"line":28,"column":20}}]},"3":{"loc":{"start":{"line":29,"column":4},"end":{"line":29,"column":19}},"type":"default-arg","locations":[{"start":{"line":29,"column":14},"end":{"line":29,"column":19}}]},"4":{"loc":{"start":{"line":32,"column":4},"end":{"line":32,"column":18}},"type":"default-arg","locations":[{"start":{"line":32,"column":16},"end":{"line":32,"column":18}}]},"5":{"loc":{"start":{"line":36,"column":65},"end":{"line":36,"column":94}},"type":"cond-expr","locations":[{"start":{"line":36,"column":76},"end":{"line":36,"column":89}},{"start":{"line":36,"column":92},"end":{"line":36,"column":94}}]},"6":{"loc":{"start":{"line":43,"column":16},"end":{"line":43,"column":35}},"type":"binary-expr","locations":[{"start":{"line":43,"column":16},"end":{"line":43,"column":24}},{"start":{"line":43,"column":28},"end":{"line":43,"column":35}}]},"7":{"loc":{"start":{"line":44,"column":15},"end":{"line":44,"column":58}},"type":"cond-expr","locations":[{"start":{"line":44,"column":39},"end":{"line":44,"column":46}},{"start":{"line":44,"column":49},"end":{"line":44,"column":58}}]},"8":{"loc":{"start":{"line":44,"column":15},"end":{"line":44,"column":36}},"type":"binary-expr","locations":[{"start":{"line":44,"column":15},"end":{"line":44,"column":24}},{"start":{"line":44,"column":28},"end":{"line":44,"column":36}}]},"9":{"loc":{"start":{"line":46,"column":7},"end":{"line":46,"column":80}},"type":"cond-expr","locations":[{"start":{"line":46,"column":17},"end":{"line":46,"column":69}},{"start":{"line":46,"column":72},"end":{"line":46,"column":80}}]}},"s":{"0":1,"1":1,"2":1,"3":4,"4":4,"5":4,"6":1},"f":{"0":4},"b":{"0":[2],"1":[4],"2":[4],"3":[4],"4":[4],"5":[0,4],"6":[4,4],"7":[4,0],"8":[4,4],"9":[0,4]}}
,"C:\\Users\\humph\\Desktop\\qihang-ui\\src\\Foo\\index.tsx": {"path":"C:\\Users\\humph\\Desktop\\qihang-ui\\src\\Foo\\index.tsx","statementMap":{"0":{"start":{"line":1,"column":0},"end":{"line":1,"column":39}},"1":{"start":{"line":3,"column":35},"end":{"line":3,"column":68}},"2":{"start":{"line":3,"column":46},"end":{"line":3,"column":68}},"3":{"start":{"line":5,"column":0},"end":{"line":5,"column":19}}},"fnMap":{"0":{"name":"(anonymous_1)","decl":{"start":{"line":3,"column":35},"end":{"line":3,"column":36}},"loc":{"start":{"line":3,"column":46},"end":{"line":3,"column":68}}}},"branchMap":{},"s":{"0":0,"1":0,"2":0,"3":0},"f":{"0":0},"b":{}}
,"C:\\Users\\humph\\Desktop\\qihang-ui\\src\\Modal\\index.tsx": {"path":"C:\\Users\\humph\\Desktop\\qihang-ui\\src\\Modal\\index.tsx","statementMap":{"0":{"start":{"line":1,"column":0},"end":{"line":1,"column":36}},"1":{"start":{"line":2,"column":0},"end":{"line":2,"column":29}},"2":{"start":{"line":21,"column":36},"end":{"line":72,"column":2}},"3":{"start":{"line":30,"column":6},"end":{"line":30,"column":11}},"4":{"start":{"line":33,"column":16},"end":{"line":35,"column":3}},"5":{"start":{"line":34,"column":4},"end":{"line":34,"column":29}},"6":{"start":{"line":34,"column":18},"end":{"line":34,"column":29}},"7":{"start":{"line":38,"column":26},"end":{"line":40,"column":3}},"8":{"start":{"line":39,"column":4},"end":{"line":39,"column":12}},"9":{"start":{"line":43,"column":24},"end":{"line":46,"column":3}},"10":{"start":{"line":44,"column":4},"end":{"line":44,"column":31}},"11":{"start":{"line":44,"column":19},"end":{"line":44,"column":31}},"12":{"start":{"line":45,"column":4},"end":{"line":45,"column":12}},"13":{"start":{"line":49,"column":2},"end":{"line":49,"column":28}},"14":{"start":{"line":49,"column":16},"end":{"line":49,"column":28}},"15":{"start":{"line":51,"column":2},"end":{"line":71,"column":4}},"16":{"start":{"line":74,"column":0},"end":{"line":74,"column":21}}},"fnMap":{"0":{"name":"(anonymous_6)","decl":{"start":{"line":21,"column":41},"end":{"line":21,"column":42}},"loc":{"start":{"line":21,"column":51},"end":{"line":72,"column":1}}},"1":{"name":"(anonymous_7)","decl":{"start":{"line":33,"column":16},"end":{"line":33,"column":19}},"loc":{"start":{"line":33,"column":21},"end":{"line":35,"column":3}}},"2":{"name":"(anonymous_8)","decl":{"start":{"line":38,"column":26},"end":{"line":38,"column":29}},"loc":{"start":{"line":38,"column":31},"end":{"line":40,"column":3}}},"3":{"name":"(anonymous_9)","decl":{"start":{"line":43,"column":24},"end":{"line":43,"column":27}},"loc":{"start":{"line":43,"column":29},"end":{"line":46,"column":3}}}},"branchMap":{"0":{"loc":{"start":{"line":23,"column":4},"end":{"line":23,"column":19}},"type":"default-arg","locations":[{"start":{"line":23,"column":14},"end":{"line":23,"column":19}}]},"1":{"loc":{"start":{"line":26,"column":4},"end":{"line":26,"column":18}},"type":"default-arg","locations":[{"start":{"line":26,"column":16},"end":{"line":26,"column":18}}]},"2":{"loc":{"start":{"line":34,"column":4},"end":{"line":34,"column":29}},"type":"if","locations":[{"start":{"line":34,"column":4},"end":{"line":34,"column":29}}]},"3":{"loc":{"start":{"line":44,"column":4},"end":{"line":44,"column":31}},"type":"if","locations":[{"start":{"line":44,"column":4},"end":{"line":44,"column":31}}]},"4":{"loc":{"start":{"line":49,"column":2},"end":{"line":49,"column":28}},"type":"if","locations":[{"start":{"line":49,"column":2},"end":{"line":49,"column":28}}]},"5":{"loc":{"start":{"line":56,"column":11},"end":{"line":56,"column":63}},"type":"binary-expr","locations":[{"start":{"line":56,"column":11},"end":{"line":56,"column":16}},{"start":{"line":56,"column":20},"end":{"line":56,"column":63}}]}},"s":{"0":0,"1":0,"2":0,"3":0,"4":0,"5":0,"6":0,"7":0,"8":0,"9":0,"10":0,"11":0,"12":0,"13":0,"14":0,"15":0,"16":0},"f":{"0":0,"1":0,"2":0,"3":0},"b":{"0":[0],"1":[0],"2":[0],"3":[0],"4":[0],"5":[0,0]}}
}
