TN:
SF:src\Button\index.tsx
FN:24,(anonymous_6)
FNF:1
FNH:1
FNDA:4,(anonymous_6)
DA:1,1
DA:2,1
DA:24,1
DA:34,4
DA:36,4
DA:38,4
DA:51,1
LF:7
LH:7
BRDA:26,0,0,2
BRDA:27,1,0,4
BRDA:28,2,0,4
BRDA:29,3,0,4
BRDA:32,4,0,4
BRDA:36,5,0,0
BRDA:36,5,1,4
BRDA:43,6,0,4
BRDA:43,6,1,4
BRDA:44,7,0,4
BRDA:44,7,1,0
BRDA:44,8,0,4
BRDA:44,8,1,4
BRDA:46,9,0,0
BRDA:46,9,1,4
BRF:15
BRH:12
end_of_record
TN:
SF:src\Foo\index.tsx
FN:3,(anonymous_1)
FNF:1
FNH:0
FNDA:0,(anonymous_1)
DA:1,0
DA:3,0
DA:5,0
LF:3
LH:0
BRF:0
BRH:0
end_of_record
TN:
SF:src\Modal\index.tsx
FN:21,(anonymous_6)
FN:33,(anonymous_7)
FN:38,(anonymous_8)
FN:43,(anonymous_9)
FNF:4
FNH:0
FNDA:0,(anonymous_6)
FNDA:0,(anonymous_7)
FNDA:0,(anonymous_8)
FNDA:0,(anonymous_9)
DA:1,0
DA:2,0
DA:21,0
DA:30,0
DA:33,0
DA:34,0
DA:38,0
DA:39,0
DA:43,0
DA:44,0
DA:45,0
DA:49,0
DA:51,0
DA:74,0
LF:14
LH:0
BRDA:23,0,0,0
BRDA:26,1,0,0
BRDA:34,2,0,0
BRDA:44,3,0,0
BRDA:49,4,0,0
BRDA:56,5,0,0
BRDA:56,5,1,0
BRF:7
BRH:0
end_of_record
